info: ::1 - - [30/Jan/2023:07:11:21 +0000] "POST /api/v1/users/registeration HTTP/1.1" 500 60 "-" "PostmanRuntime/7.30.0"

info: ::1 - - [30/Jan/2023:07:12:19 +0000] "POST /api/v1/users/registeration HTTP/1.1" 201 322 "-" "PostmanRuntime/7.30.0"

info: ::1 - - [30/Jan/2023:07:12:47 +0000] "POST /api/v1/users/login HTTP/1.1" 200 194 "-" "PostmanRuntime/7.30.0"

info: ::1 - - [30/Jan/2023:07:15:18 +0000] "POST /api/v1/users/login HTTP/1.1" 200 194 "-" "PostmanRuntime/7.30.0"

info: ::1 - - [30/Jan/2023:07:15:54 +0000] "POST /api/v1/users/login HTTP/1.1" 200 194 "-" "PostmanRuntime/7.30.0"

info: ::1 - - [30/Jan/2023:07:16:12 +0000] "POST /api/v1/users/login HTTP/1.1" 200 194 "-" "PostmanRuntime/7.30.0"

info: ::1 - - [30/Jan/2023:07:17:07 +0000] "POST /api/v1/users/login HTTP/1.1" 200 194 "-" "PostmanRuntime/7.30.0"

info: ::1 - - [30/Jan/2023:07:18:38 +0000] "POST /api/v1/users/login HTTP/1.1" 400 56 "-" "PostmanRuntime/7.30.0"

info: ::1 - - [30/Jan/2023:07:19:23 +0000] "POST /api/v1/users/login HTTP/1.1" 400 56 "-" "PostmanRuntime/7.30.0"

info: ::1 - - [30/Jan/2023:08:39:40 +0000] "GET /api/v1/notes/ HTTP/1.1" 200 65 "-" "PostmanRuntime/7.30.0"

info: ::1 - - [30/Jan/2023:08:43:56 +0000] "POST /api/v1/notes/create HTTP/1.1" 201 227 "-" "PostmanRuntime/7.30.0"

info: ::1 - - [30/Jan/2023:08:47:13 +0000] "DELETE /api/v1/notes/ HTTP/1.1" 502 227 "-" "PostmanRuntime/7.30.0"

info: ::1 - - [30/Jan/2023:08:48:26 +0000] "DELETE /api/v1/notes/ HTTP/1.1" 502 62 "-" "PostmanRuntime/7.30.0"

info: ::1 - - [30/Jan/2023:08:48:31 +0000] "DELETE /api/v1/notes/ HTTP/1.1" 502 62 "-" "PostmanRuntime/7.30.0"

info: ::1 - - [30/Jan/2023:08:50:34 +0000] "DELETE /api/v1/notes/ HTTP/1.1" 502 50 "-" "PostmanRuntime/7.30.0"

info: ::1 - - [30/Jan/2023:08:50:37 +0000] "DELETE /api/v1/notes/ HTTP/1.1" 502 50 "-" "PostmanRuntime/7.30.0"

info: ::1 - - [30/Jan/2023:08:50:42 +0000] "DELETE /api/v1/notes/ HTTP/1.1" 502 50 "-" "PostmanRuntime/7.30.0"

info: ::1 - - [30/Jan/2023:08:51:17 +0000] "DELETE /api/v1/notes/ HTTP/1.1" 502 50 "-" "PostmanRuntime/7.30.0"

info: ::1 - - [30/Jan/2023:08:51:47 +0000] "DELETE /api/v1/notes/ HTTP/1.1" 502 50 "-" "PostmanRuntime/7.30.0"

info: ::1 - - [30/Jan/2023:08:52:33 +0000] "DELETE /api/v1/notes/ HTTP/1.1" 502 74 "-" "PostmanRuntime/7.30.0"

info: ::1 - - [30/Jan/2023:08:53:17 +0000] "DELETE /api/v1/notes/ HTTP/1.1" 502 74 "-" "PostmanRuntime/7.30.0"

info: ::1 - - [30/Jan/2023:08:53:26 +0000] "DELETE /api/v1/notes/ HTTP/1.1" 502 74 "-" "PostmanRuntime/7.30.0"

info: ::1 - - [30/Jan/2023:09:41:48 +0000] "DELETE /api/v1/notes/create HTTP/1.1" 502 74 "-" "PostmanRuntime/7.30.0"

info: ::1 - - [30/Jan/2023:09:41:54 +0000] "POST /api/v1/notes/create HTTP/1.1" 201 320 "-" "PostmanRuntime/7.30.0"

info: ::1 - - [30/Jan/2023:09:42:19 +0000] "POST /api/v1/notes/create HTTP/1.1" 201 238 "-" "PostmanRuntime/7.30.0"

info: ::1 - - [30/Jan/2023:09:42:52 +0000] "POST /api/v1/notes/create HTTP/1.1" 201 240 "-" "PostmanRuntime/7.30.0"

info: ::1 - - [30/Jan/2023:09:43:20 +0000] "POST /api/v1/notes/create HTTP/1.1" 201 268 "-" "PostmanRuntime/7.30.0"

info: ::1 - - [30/Jan/2023:09:44:47 +0000] "DELETE /api/v1/notes/Step-3 HTTP/1.1" 502 320 "-" "PostmanRuntime/7.30.0"

info: ::1 - - [30/Jan/2023:09:46:02 +0000] "PUT /api/v1/notes/Deatalls HTTP/1.1" 201 238 "-" "PostmanRuntime/7.30.0"

info: ::1 - - [30/Jan/2023:09:47:04 +0000] "PUT /api/v1/notes/Deatallsaa HTTP/1.1" 201 238 "-" "PostmanRuntime/7.30.0"

info: ::1 - - [30/Jan/2023:09:47:56 +0000] "PUT /api/v1/notes/Deatallsaa HTTP/1.1" 201 238 "-" "PostmanRuntime/7.30.0"

info: ::1 - - [30/Jan/2023:09:48:45 +0000] "PUT /api/v1/notes/ HTTP/1.1" 404 47 "-" "PostmanRuntime/7.30.0"

info: ::1 - - [30/Jan/2023:09:48:52 +0000] "PUT /api/v1/notes/hsjja HTTP/1.1" 201 238 "-" "PostmanRuntime/7.30.0"

info: ::1 - - [30/Jan/2023:09:49:15 +0000] "PUT /api/v1/notes/hsjja HTTP/1.1" 201 238 "-" "PostmanRuntime/7.30.0"

info: ::1 - - [30/Jan/2023:09:49:16 +0000] "PUT /api/v1/notes/hsjja HTTP/1.1" 201 238 "-" "PostmanRuntime/7.30.0"

info: ::1 - - [30/Jan/2023:09:55:06 +0000] "PUT /api/v1/notes/hsa HTTP/1.1" 201 154 "-" "PostmanRuntime/7.30.0"

info: ::1 - - [30/Jan/2023:09:55:29 +0000] "PUT /api/v1/notes/hsa HTTP/1.1" 201 74 "-" "PostmanRuntime/7.30.0"

info: ::1 - - [30/Jan/2023:09:56:17 +0000] "PUT /api/v1/notes/null HTTP/1.1" 201 74 "-" "PostmanRuntime/7.30.0"

info: ::1 - - [30/Jan/2023:09:56:23 +0000] "PUT /api/v1/notes/ HTTP/1.1" 404 47 "-" "PostmanRuntime/7.30.0"

info: ::1 - - [30/Jan/2023:09:56:29 +0000] "PUT /api/v1/notes/null HTTP/1.1" 201 74 "-" "PostmanRuntime/7.30.0"

info: ::1 - - [30/Jan/2023:10:02:28 +0000] "PUT /api/v1/notes/null HTTP/1.1" 201 74 "-" "PostmanRuntime/7.30.0"

info: ::1 - - [30/Jan/2023:10:02:46 +0000] "PUT /api/v1/notes/Step-3 HTTP/1.1" 201 74 "-" "PostmanRuntime/7.30.0"

info: ::1 - - [30/Jan/2023:10:02:53 +0000] "PUT /api/v1/notes/Step-3 HTTP/1.1" 201 74 "-" "PostmanRuntime/7.30.0"

info: ::1 - - [30/Jan/2023:10:06:47 +0000] "PUT /api/v1/notes/Step-3 HTTP/1.1" 201 74 "-" "PostmanRuntime/7.30.0"

info: ::1 - - [30/Jan/2023:10:08:06 +0000] "PUT /api/v1/notes/Step-3 HTTP/1.1" 201 74 "-" "PostmanRuntime/7.30.0"

info: ::1 - - [30/Jan/2023:10:08:25 +0000] "PUT /api/v1/notes/Step-3 HTTP/1.1" 201 74 "-" "PostmanRuntime/7.30.0"

info: ::1 - - [30/Jan/2023:10:09:08 +0000] "PUT /api/v1/notes/Step-3 HTTP/1.1" 201 50 "-" "PostmanRuntime/7.30.0"

info: ::1 - - [30/Jan/2023:10:10:59 +0000] "PUT /api/v1/notes/Step-3 HTTP/1.1" 201 158 "-" "PostmanRuntime/7.30.0"

info: ::1 - - [30/Jan/2023:10:11:15 +0000] "PUT /api/v1/notes/null HTTP/1.1" 201 74 "-" "PostmanRuntime/7.30.0"

info: ::1 - - [30/Jan/2023:10:11:21 +0000] "PUT /api/v1/notes/sjsk HTTP/1.1" 201 74 "-" "PostmanRuntime/7.30.0"

info: ::1 - - [30/Jan/2023:10:13:37 +0000] "PUT /api/v1/notes/Step-1 HTTP/1.1" 201 50 "-" "PostmanRuntime/7.30.0"

info: ::1 - - [30/Jan/2023:10:13:59 +0000] "PUT /api/v1/notes/Step-1 HTTP/1.1" 201 50 "-" "PostmanRuntime/7.30.0"

info: ::1 - - [30/Jan/2023:10:14:48 +0000] "PUT /api/v1/notes/Step-1 HTTP/1.1" 500 54 "-" "PostmanRuntime/7.30.0"

info: ::1 - - [30/Jan/2023:10:15:21 +0000] "PUT /api/v1/notes/Step-1 HTTP/1.1" 201 87 "-" "PostmanRuntime/7.30.0"

info: ::1 - - [30/Jan/2023:10:15:35 +0000] "PUT /api/v1/notes/Step-1 HTTP/1.1" 201 155 "-" "PostmanRuntime/7.30.0"

info: ::1 - - [30/Jan/2023:10:18:17 +0000] "PUT /api/v1/notes/Step-1 HTTP/1.1" 201 74 "-" "PostmanRuntime/7.30.0"

info: ::1 - - [30/Jan/2023:10:18:39 +0000] "PUT /api/v1/notes/kk1 HTTP/1.1" 201 88 "-" "PostmanRuntime/7.30.0"

info: ::1 - - [30/Jan/2023:10:30:56 +0000] "POST /api/v1/notes/create HTTP/1.1" 500 56 "-" "PostmanRuntime/7.30.0"

info: ::1 - - [30/Jan/2023:10:31:11 +0000] "POST /api/v1/notes/create HTTP/1.1" 201 157 "-" "PostmanRuntime/7.30.0"

info: ::1 - - [30/Jan/2023:11:23:02 +0000] "GET /api/v1/registeration HTTP/1.1" 404 47 "-" "PostmanRuntime/7.30.0"

info: ::1 - - [30/Jan/2023:11:23:21 +0000] "GET /api/v1/users/registeration HTTP/1.1" 404 47 "-" "PostmanRuntime/7.30.0"

info: ::1 - - [30/Jan/2023:11:23:54 +0000] "GET /api/v1/users/registeration HTTP/1.1" 404 47 "-" "PostmanRuntime/7.30.0"

info: ::1 - - [30/Jan/2023:11:25:41 +0000] "GET /api/v1/users/registeration HTTP/1.1" 404 47 "-" "PostmanRuntime/7.30.0"

info: ::1 - - [30/Jan/2023:11:25:49 +0000] "GET /api/v1/users/registeration HTTP/1.1" 404 47 "-" "PostmanRuntime/7.30.0"

info: ::1 - - [30/Jan/2023:11:25:49 +0000] "GET /api/v1/users/registeration HTTP/1.1" 404 47 "-" "PostmanRuntime/7.30.0"

info: ::1 - - [30/Jan/2023:11:25:50 +0000] "GET /api/v1/users/registeration HTTP/1.1" 404 47 "-" "PostmanRuntime/7.30.0"

info: ::1 - - [30/Jan/2023:11:27:24 +0000] "POST /api/v1/users/registeration HTTP/1.1" 500 60 "-" "PostmanRuntime/7.30.0"

info: ::1 - - [30/Jan/2023:11:27:35 +0000] "POST /api/v1/users/registeration HTTP/1.1" 500 60 "-" "PostmanRuntime/7.30.0"

info: ::1 - - [30/Jan/2023:11:27:41 +0000] "POST /api/v1/users/registeration HTTP/1.1" 500 60 "-" "PostmanRuntime/7.30.0"

info: ::1 - - [30/Jan/2023:11:27:51 +0000] "POST /api/v1/users/registeration HTTP/1.1" 500 60 "-" "PostmanRuntime/7.30.0"

info: ::1 - - [30/Jan/2023:11:38:12 +0000] "POST /api/v1/users/registeration HTTP/1.1" 500 60 "-" "PostmanRuntime/7.30.0"

info: ::1 - - [30/Jan/2023:11:38:23 +0000] "POST /api/v1/users/registeration HTTP/1.1" 500 60 "-" "PostmanRuntime/7.30.0"

info: ::1 - - [30/Jan/2023:11:38:30 +0000] "POST /api/v1/users/registeration HTTP/1.1" 500 60 "-" "PostmanRuntime/7.30.0"

info: ::1 - - [30/Jan/2023:11:38:39 +0000] "POST /api/v1/users/registeration HTTP/1.1" 201 325 "-" "PostmanRuntime/7.30.0"

info: ::1 - - [30/Jan/2023:12:02:49 +0000] "GET /api/v1/users/login HTTP/1.1" 404 47 "-" "PostmanRuntime/7.30.0"

info: ::1 - - [30/Jan/2023:12:02:58 +0000] "POST /api/v1/users/login HTTP/1.1" 200 197 "-" "PostmanRuntime/7.30.0"

info: ::1 - - [30/Jan/2023:12:04:33 +0000] "POST /api/v1/users/login HTTP/1.1" 500 48 "-" "PostmanRuntime/7.30.0"

info: ::1 - - [30/Jan/2023:12:05:04 +0000] "POST /api/v1/users/login HTTP/1.1" 500 48 "-" "PostmanRuntime/7.30.0"

info: ::1 - - [30/Jan/2023:12:05:51 +0000] "POST /api/v1/users/login HTTP/1.1" 500 48 "-" "PostmanRuntime/7.30.0"

info: ::1 - - [30/Jan/2023:12:06:48 +0000] "POST /api/v1/users/login HTTP/1.1" 500 48 "-" "PostmanRuntime/7.30.0"

info: ::1 - - [30/Jan/2023:12:11:53 +0000] "POST /api/v1/users/registeration HTTP/1.1" 201 327 "-" "PostmanRuntime/7.30.0"

info: ::1 - - [30/Jan/2023:12:12:09 +0000] "POST /api/v1/users/login HTTP/1.1" 500 48 "-" "PostmanRuntime/7.30.0"

info: ::1 - - [30/Jan/2023:14:21:19 +0000] "POST /api/v1/users/login HTTP/1.1" 500 48 "-" "PostmanRuntime/7.30.0"

info: ::1 - - [30/Jan/2023:14:21:49 +0000] "POST /api/v1/users/login HTTP/1.1" 500 48 "-" "PostmanRuntime/7.30.0"

info: ::1 - - [30/Jan/2023:14:24:28 +0000] "POST /api/v1/users/login HTTP/1.1" 500 48 "-" "PostmanRuntime/7.30.0"

info: ::1 - - [30/Jan/2023:14:36:18 +0000] "POST /api/v1/users/login HTTP/1.1" 500 48 "-" "PostmanRuntime/7.30.0"

info: ::1 - - [30/Jan/2023:14:56:42 +0000] "DELETE /api/v1/notes/63d791388f96a67e94152927 HTTP/1.1" 502 240 "-" "PostmanRuntime/7.30.0"

info: ::1 - - [30/Jan/2023:14:57:04 +0000] "DELETE /api/v1/notes/63d791388f96a67e94152927 HTTP/1.1" 502 155 "-" "PostmanRuntime/7.30.0"

info: ::1 - - [30/Jan/2023:14:57:19 +0000] "DELETE /api/v1/notes/63d791388f96a67e94152927 HTTP/1.1" 502 157 "-" "PostmanRuntime/7.30.0"

info: ::1 - - [30/Jan/2023:14:57:21 +0000] "DELETE /api/v1/notes/63d791388f96a67e94152927 HTTP/1.1" 502 74 "-" "PostmanRuntime/7.30.0"

info: ::1 - - [30/Jan/2023:14:57:22 +0000] "DELETE /api/v1/notes/63d791388f96a67e94152927 HTTP/1.1" 502 74 "-" "PostmanRuntime/7.30.0"

info: ::1 - - [30/Jan/2023:14:57:32 +0000] "DELETE /api/v1/notes/63d791388f96a67e94152927 HTTP/1.1" 502 74 "-" "PostmanRuntime/7.30.0"

info: ::1 - - [30/Jan/2023:14:57:33 +0000] "DELETE /api/v1/notes/63d791388f96a67e94152927 HTTP/1.1" 502 74 "-" "PostmanRuntime/7.30.0"

info: ::1 - - [30/Jan/2023:14:57:37 +0000] "DELETE /api/v1/notes/63d79c6fd6b1a95f8484df98 HTTP/1.1" 502 74 "-" "PostmanRuntime/7.30.0"

info: ::1 - - [30/Jan/2023:14:57:38 +0000] "DELETE /api/v1/notes/63d79c6fd6b1a95f8484df98 HTTP/1.1" 502 74 "-" "PostmanRuntime/7.30.0"

info: ::1 - - [30/Jan/2023:14:57:39 +0000] "DELETE /api/v1/notes/63d79c6fd6b1a95f8484df98 HTTP/1.1" 502 74 "-" "PostmanRuntime/7.30.0"

info: ::1 - - [30/Jan/2023:14:57:46 +0000] "DELETE /api/v1/notes/63d79c6fd6b1a95f8484df98 HTTP/1.1" 502 74 "-" "PostmanRuntime/7.30.0"

info: ::1 - - [30/Jan/2023:14:58:58 +0000] "POST /api/v1/notes/ HTTP/1.1" 201 157 "-" "PostmanRuntime/7.30.0"

info: ::1 - - [30/Jan/2023:14:59:14 +0000] "POST /api/v1/notes/ HTTP/1.1" 201 157 "-" "PostmanRuntime/7.30.0"

info: ::1 - - [30/Jan/2023:14:59:20 +0000] "POST /api/v1/notes/ HTTP/1.1" 201 157 "-" "PostmanRuntime/7.30.0"

info: ::1 - - [30/Jan/2023:14:59:52 +0000] "PUT /api/v1/notes/63d7db4818744a462c5d7234 HTTP/1.1" 201 88 "-" "PostmanRuntime/7.30.0"

info: ::1 - - [30/Jan/2023:15:00:02 +0000] "PUT /api/v1/notes/63d7db4818744a462c5d7234 HTTP/1.1" 201 88 "-" "PostmanRuntime/7.30.0"

info: ::1 - - [30/Jan/2023:15:00:20 +0000] "PUT /api/v1/notes/%2263d7db4818744a462c5d7234%22 HTTP/1.1" 201 88 "-" "PostmanRuntime/7.30.0"

info: ::1 - - [30/Jan/2023:15:00:29 +0000] "PUT /api/v1/notes/%2263d7db4818744a462c5d7234%22 HTTP/1.1" 201 88 "-" "PostmanRuntime/7.30.0"

info: ::1 - - [30/Jan/2023:15:01:39 +0000] "PUT /api/v1/notes/%2263d7db4818744a462c5d7234%22 HTTP/1.1" 201 50 "-" "PostmanRuntime/7.30.0"

info: ::1 - - [30/Jan/2023:15:03:36 +0000] "PUT /api/v1/notes/%2263d7db4818744a462c5d7234%22 HTTP/1.1" 201 50 "-" "PostmanRuntime/7.30.0"

info: ::1 - - [30/Jan/2023:15:04:12 +0000] "PUT /api/v1/notes/63d7db4818744a462c5d7234 HTTP/1.1" 201 156 "-" "PostmanRuntime/7.30.0"

info: ::1 - - [30/Jan/2023:15:16:35 +0000] "GET /api/v1/notes/63d7db4218744a462c5d7232 HTTP/1.1" 200 157 "-" "PostmanRuntime/7.30.0"

