info: ::1 - - [31/Jan/2023:04:42:58 +0000] "POST /api/v1/users/login HTTP/1.1" 500 48 "-" "PostmanRuntime/7.30.0"

info: ::1 - - [31/Jan/2023:04:43:53 +0000] "POST /api/v1/users/login HTTP/1.1" 500 48 "-" "PostmanRuntime/7.30.0"

info: ::1 - - [31/Jan/2023:04:44:18 +0000] "POST /api/v1/users/login HTTP/1.1" 500 48 "-" "PostmanRuntime/7.30.0"

info: ::1 - - [31/Jan/2023:04:44:51 +0000] "POST /api/v1/users/login HTTP/1.1" 500 48 "-" "PostmanRuntime/7.30.0"

info: ::1 - - [31/Jan/2023:04:44:57 +0000] "POST /api/v1/users/login HTTP/1.1" 500 48 "-" "PostmanRuntime/7.30.0"

info: ::1 - - [31/Jan/2023:04:45:05 +0000] "POST /api/v1/users/login HTTP/1.1" 500 48 "-" "PostmanRuntime/7.30.0"

info: ::1 - - [31/Jan/2023:04:57:05 +0000] "POST /api/v1/users/login HTTP/1.1" 500 48 "-" "PostmanRuntime/7.30.0"

info: ::1 - - [31/Jan/2023:04:57:43 +0000] "POST /api/v1/users/login HTTP/1.1" 200 197 "-" "PostmanRuntime/7.30.0"

info: ::1 - - [31/Jan/2023:05:11:40 +0000] "PUT /api/v1/users/63d7db3218744a462c5d7230 HTTP/1.1" 404 47 "-" "PostmanRuntime/7.30.0"

info: ::1 - - [31/Jan/2023:05:11:48 +0000] "PUT /api/v1/notes/63d7db3218744a462c5d7230 HTTP/1.1" 201 145 "-" "PostmanRuntime/7.30.0"

info: ::1 - - [31/Jan/2023:05:46:45 +0000] "POST /api/v1/users/login HTTP/1.1" 200 199 "-" "PostmanRuntime/7.30.0"

info: ::1 - - [31/Jan/2023:05:48:05 +0000] "POST /api/v1/users/login HTTP/1.1" 500 48 "-" "PostmanRuntime/7.30.0"

info: ::1 - - [31/Jan/2023:10:30:52 +0000] "GET /api/v1/notes/ HTTP/1.1" 500 48 "-" "PostmanRuntime/7.30.0"

info: ::1 - - [31/Jan/2023:10:31:42 +0000] "GET /api/v1/users/login HTTP/1.1" 404 47 "-" "PostmanRuntime/7.30.0"

info: ::1 - - [31/Jan/2023:10:31:47 +0000] "POST /api/v1/users/login HTTP/1.1" 200 199 "-" "PostmanRuntime/7.30.0"

info: ::1 - - [31/Jan/2023:10:32:18 +0000] "GET /api/v1/notes HTTP/1.1" 500 48 "-" "PostmanRuntime/7.30.0"

info: ::1 - - [31/Jan/2023:10:32:50 +0000] "GET /api/v1/notes HTTP/1.1" 500 48 "-" "PostmanRuntime/7.30.0"

info: ::1 - - [31/Jan/2023:10:36:10 +0000] "GET /api/v1/notes/ HTTP/1.1" 500 48 "-" "PostmanRuntime/7.30.0"

info: ::1 - - [31/Jan/2023:10:40:42 +0000] "GET /api/v1/notes/ HTTP/1.1" 500 48 "-" "PostmanRuntime/7.30.0"

info: ::1 - - [31/Jan/2023:10:40:59 +0000] "GET /api/v1/notes/ HTTP/1.1" 500 48 "-" "PostmanRuntime/7.30.0"

info: ::1 - - [31/Jan/2023:10:42:53 +0000] "GET /api/v1/notes/ HTTP/1.1" 500 48 "-" "PostmanRuntime/7.30.0"

info: ::1 - - [31/Jan/2023:10:48:42 +0000] "GET /api/v1/notes/ HTTP/1.1" 200 444 "-" "PostmanRuntime/7.30.0"

info: ::1 - - [31/Jan/2023:11:44:13 +0000] "GET /api/v1/notes/63d3c150e0c21c88489d5609 HTTP/1.1" 200 62 "-" "PostmanRuntime/7.30.0"

info: ::1 - - [31/Jan/2023:11:44:42 +0000] "GET /api/v1/notes/63d3c146e0c21c88489d5605 HTTP/1.1" 200 62 "-" "PostmanRuntime/7.30.0"

info: ::1 - - [31/Jan/2023:11:44:47 +0000] "GET /api/v1/notes/ HTTP/1.1" 200 444 "-" "PostmanRuntime/7.30.0"

info: ::1 - - [31/Jan/2023:11:45:36 +0000] "DELETE /api/v1/notes/63d3c146e0c21c88489d5605 HTTP/1.1" 502 61 "-" "PostmanRuntime/7.30.0"

info: ::1 - - [31/Jan/2023:11:47:03 +0000] "GET /api/v1/notes/63d7db4818744a462c5d7234 HTTP/1.1" 200 187 "-" "PostmanRuntime/7.30.0"

info: ::1 - - [31/Jan/2023:12:42:33 +0000] "GET /api/v1/notes/63d7db4818744a462c5d7234 HTTP/1.1" 200 187 "-" "PostmanRuntime/7.30.0"

info: ::1 - - [31/Jan/2023:14:21:49 +0000] "GET /api/v1/notes/63d7db4818744a462c5d7234/Trash HTTP/1.1" 500 56 "-" "PostmanRuntime/7.30.1"

info: ::1 - - [31/Jan/2023:14:22:07 +0000] "GET /api/v1/notes/63d7db4818744a462c5d7234/Trash HTTP/1.1" 500 54 "-" "PostmanRuntime/7.30.1"

info: ::1 - - [31/Jan/2023:14:22:51 +0000] "GET /api/v1/notes/63d7db4818744a462c5d7234/Trash HTTP/1.1" 500 54 "-" "PostmanRuntime/7.30.1"

info: ::1 - - [31/Jan/2023:14:24:55 +0000] "GET /api/v1/notes/63d7db4818744a462c5d7234/Trash HTTP/1.1" 500 54 "-" "PostmanRuntime/7.30.1"

info: ::1 - - [31/Jan/2023:14:26:15 +0000] "GET /api/v1/notes/63d7db3218744a462c5d7230/Trash HTTP/1.1" 500 54 "-" "PostmanRuntime/7.30.1"

info: ::1 - - [31/Jan/2023:14:28:15 +0000] "GET /api/v1/notes/63d7db3218744a462c5d7230/Trash HTTP/1.1" 500 54 "-" "PostmanRuntime/7.30.1"

info: ::1 - - [31/Jan/2023:14:30:25 +0000] "POST /api/v1/users/re HTTP/1.1" 404 47 "-" "PostmanRuntime/7.30.1"

info: ::1 - - [31/Jan/2023:14:32:06 +0000] "POST /api/v1/users/registeration HTTP/1.1" 201 321 "-" "PostmanRuntime/7.30.1"

info: ::1 - - [31/Jan/2023:14:32:23 +0000] "POST /api/v1/users/registeration HTTP/1.1" 201 321 "-" "PostmanRuntime/7.30.1"

info: ::1 - - [31/Jan/2023:14:32:26 +0000] "POST /api/v1/users/registeration HTTP/1.1" 500 59 "-" "PostmanRuntime/7.30.1"

info: ::1 - - [31/Jan/2023:14:33:16 +0000] "POST /api/v1/users/login HTTP/1.1" 200 195 "-" "PostmanRuntime/7.30.1"

info: ::1 - - [31/Jan/2023:14:36:11 +0000] "POST /api/v1/notes/ HTTP/1.1" 201 295 "-" "PostmanRuntime/7.30.1"

info: ::1 - - [31/Jan/2023:14:36:29 +0000] "POST /api/v1/notes/ HTTP/1.1" 201 281 "-" "PostmanRuntime/7.30.1"

info: ::1 - - [31/Jan/2023:14:37:15 +0000] "GET /api/v1/notes/63d9276d8d8fe7561c2ff4ab/Trash HTTP/1.1" 500 54 "-" "PostmanRuntime/7.30.1"

info: ::1 - - [31/Jan/2023:14:37:47 +0000] "GET /api/v1/notes/63d9276d8d8fe7561c2ff4ab/Trash HTTP/1.1" 500 54 "-" "PostmanRuntime/7.30.1"

info: ::1 - - [31/Jan/2023:14:39:50 +0000] "GET /api/v1/notes/63d9276d8d8fe7561c2ff4ab/Trash HTTP/1.1" 500 54 "-" "PostmanRuntime/7.30.1"

info: ::1 - - [31/Jan/2023:14:45:30 +0000] "POST /api/v1/users/registeration HTTP/1.1" 500 89 "-" "PostmanRuntime/7.30.1"

info: ::1 - - [31/Jan/2023:14:45:36 +0000] "POST /api/v1/users/registeration HTTP/1.1" 201 323 "-" "PostmanRuntime/7.30.1"

info: ::1 - - [31/Jan/2023:14:47:22 +0000] "POST /api/v1/users/login HTTP/1.1" 200 195 "-" "PostmanRuntime/7.30.1"

info: ::1 - - [31/Jan/2023:14:48:02 +0000] "POST /api/v1/notes/ HTTP/1.1" 201 290 "-" "PostmanRuntime/7.30.1"

info: ::1 - - [31/Jan/2023:16:18:37 +0000] "GET /api/v1/notes/63d9275b8d8fe7561c2ff4a9/Trash HTTP/1.1" 404 47 "-" "PostmanRuntime/7.30.1"

info: ::1 - - [31/Jan/2023:16:18:44 +0000] "PATCH /api/v1/notes/63d9275b8d8fe7561c2ff4a9/Trash HTTP/1.1" 500 22965 "-" "PostmanRuntime/7.30.1"

info: ::1 - - [31/Jan/2023:16:22:04 +0000] "PATCH /api/v1/notes/63d9275b8d8fe7561c2ff4a9/Trash HTTP/1.1" 500 85 "-" "PostmanRuntime/7.30.1"

info: ::1 - - [31/Jan/2023:16:23:02 +0000] "PATCH /api/v1/notes/63d9275b8d8fe7561c2ff4a9/Trash HTTP/1.1" 500 85 "-" "PostmanRuntime/7.30.1"

info: ::1 - - [31/Jan/2023:16:23:57 +0000] "PATCH /api/v1/notes/63d9275b8d8fe7561c2ff4a9/Trash HTTP/1.1" 500 85 "-" "PostmanRuntime/7.30.1"

info: ::1 - - [31/Jan/2023:16:26:09 +0000] "PATCH /api/v1/notes/63d9275b8d8fe7561c2ff4a9/Trash HTTP/1.1" 500 124 "-" "PostmanRuntime/7.30.1"

info: ::1 - - [31/Jan/2023:16:27:10 +0000] "PATCH /api/v1/notes/63d9275b8d8fe7561c2ff4a9/Trash HTTP/1.1" 500 125 "-" "PostmanRuntime/7.30.1"

info: ::1 - - [31/Jan/2023:16:27:37 +0000] "PATCH /api/v1/notes/63d9275b8d8fe7561c2ff4a9/Trash HTTP/1.1" 500 57 "-" "PostmanRuntime/7.30.1"

info: ::1 - - [31/Jan/2023:16:28:07 +0000] "PATCH /api/v1/notes/63d9275b8d8fe7561c2ff4a9/Trash HTTP/1.1" 500 57 "-" "PostmanRuntime/7.30.1"

info: ::1 - - [31/Jan/2023:16:28:25 +0000] "PATCH /api/v1/notes/63d9275b8d8fe7561c2ff4a9/Trash HTTP/1.1" 500 57 "-" "PostmanRuntime/7.30.1"

info: ::1 - - [31/Jan/2023:16:28:39 +0000] "PATCH /api/v1/notes/63d9275b8d8fe7561c2ff4a9/Trash HTTP/1.1" 500 57 "-" "PostmanRuntime/7.30.1"

info: ::1 - - [31/Jan/2023:16:29:08 +0000] "PATCH /api/v1/notes/63d9275b8d8fe7561c2ff4a9/Trash HTTP/1.1" 201 294 "-" "PostmanRuntime/7.30.1"

info: ::1 - - [31/Jan/2023:16:29:14 +0000] "PATCH /api/v1/notes/63d9275b8d8fe7561c2ff4a9/Trash HTTP/1.1" 201 294 "-" "PostmanRuntime/7.30.1"

info: ::1 - - [31/Jan/2023:16:30:16 +0000] "PATCH /api/v1/notes/63d9275b8d8fe7561c2ff4a9/Trash HTTP/1.1" 500 125 "-" "PostmanRuntime/7.30.1"

info: ::1 - - [31/Jan/2023:16:30:31 +0000] "PATCH /api/v1/notes/63d9275b8d8fe7561c2ff4a9/Trash HTTP/1.1" 201 295 "-" "PostmanRuntime/7.30.1"

info: ::1 - - [31/Jan/2023:16:30:34 +0000] "PATCH /api/v1/notes/63d9275b8d8fe7561c2ff4a9/Trash HTTP/1.1" 201 294 "-" "PostmanRuntime/7.30.1"

info: ::1 - - [31/Jan/2023:16:30:37 +0000] "PATCH /api/v1/notes/63d9275b8d8fe7561c2ff4a9/Trash HTTP/1.1" 201 295 "-" "PostmanRuntime/7.30.1"

info: ::1 - - [31/Jan/2023:16:33:56 +0000] "PATCH /api/v1/notes/63d9275b8d8fe7561c2ff4a9/Trash HTTP/1.1" 201 294 "-" "PostmanRuntime/7.30.1"

info: ::1 - - [31/Jan/2023:16:33:57 +0000] "PATCH /api/v1/notes/63d9275b8d8fe7561c2ff4a9/Trash HTTP/1.1" 201 295 "-" "PostmanRuntime/7.30.1"

info: ::1 - - [31/Jan/2023:16:35:14 +0000] "PATCH /api/v1/notes/63d9275b8d8fe7561c2ff4a9/Trash HTTP/1.1" 500 55 "-" "PostmanRuntime/7.30.1"

info: ::1 - - [31/Jan/2023:16:36:27 +0000] "PATCH /api/v1/notes/63d9275b8d8fe7561c2ff4a9/Trash HTTP/1.1" 500 57 "-" "PostmanRuntime/7.30.1"

info: ::1 - - [31/Jan/2023:16:36:57 +0000] "PATCH /api/v1/notes/63d9275b8d8fe7561c2ff4a9/Trash HTTP/1.1" 201 294 "-" "PostmanRuntime/7.30.1"

info: ::1 - - [31/Jan/2023:16:37:00 +0000] "PATCH /api/v1/notes/63d9275b8d8fe7561c2ff4a9/Trash HTTP/1.1" 201 295 "-" "PostmanRuntime/7.30.1"

info: ::1 - - [31/Jan/2023:16:37:01 +0000] "PATCH /api/v1/notes/63d9275b8d8fe7561c2ff4a9/Trash HTTP/1.1" 201 294 "-" "PostmanRuntime/7.30.1"

info: ::1 - - [31/Jan/2023:16:37:43 +0000] "PATCH /api/v1/notes/63d9275b8d8fe7561c2ff4a9/Trash HTTP/1.1" 201 295 "-" "PostmanRuntime/7.30.1"

info: ::1 - - [31/Jan/2023:16:37:44 +0000] "PATCH /api/v1/notes/63d9275b8d8fe7561c2ff4a9/Trash HTTP/1.1" 201 294 "-" "PostmanRuntime/7.30.1"

info: ::1 - - [31/Jan/2023:16:49:04 +0000] "PATCH /api/v1/notes/63d9275b8d8fe7561c2ff4a9/Archieve HTTP/1.1" 201 293 "-" "PostmanRuntime/7.30.1"

info: ::1 - - [31/Jan/2023:16:49:05 +0000] "PATCH /api/v1/notes/63d9275b8d8fe7561c2ff4a9/Archieve HTTP/1.1" 201 294 "-" "PostmanRuntime/7.30.1"

info: ::1 - - [31/Jan/2023:16:49:06 +0000] "PATCH /api/v1/notes/63d9275b8d8fe7561c2ff4a9/Archieve HTTP/1.1" 201 293 "-" "PostmanRuntime/7.30.1"

info: ::1 - - [31/Jan/2023:16:49:07 +0000] "PATCH /api/v1/notes/63d9275b8d8fe7561c2ff4a9/Archieve HTTP/1.1" 201 294 "-" "PostmanRuntime/7.30.1"

info: ::1 - - [31/Jan/2023:16:49:08 +0000] "PATCH /api/v1/notes/63d9275b8d8fe7561c2ff4a9/Archieve HTTP/1.1" 201 293 "-" "PostmanRuntime/7.30.1"

info: ::1 - - [31/Jan/2023:16:49:28 +0000] "PUT /api/v1/notes/63d9275b8d8fe7561c2ff4a9/Archieve HTTP/1.1" 201 294 "-" "PostmanRuntime/7.30.1"

info: ::1 - - [31/Jan/2023:16:49:30 +0000] "PUT /api/v1/notes/63d9275b8d8fe7561c2ff4a9/Archieve HTTP/1.1" 201 293 "-" "PostmanRuntime/7.30.1"

info: ::1 - - [31/Jan/2023:16:49:31 +0000] "PUT /api/v1/notes/63d9275b8d8fe7561c2ff4a9/Archieve HTTP/1.1" 201 294 "-" "PostmanRuntime/7.30.1"

info: ::1 - - [31/Jan/2023:16:49:32 +0000] "PUT /api/v1/notes/63d9275b8d8fe7561c2ff4a9/Archieve HTTP/1.1" 201 293 "-" "PostmanRuntime/7.30.1"

info: ::1 - - [31/Jan/2023:16:49:33 +0000] "PUT /api/v1/notes/63d9275b8d8fe7561c2ff4a9/Archieve HTTP/1.1" 201 294 "-" "PostmanRuntime/7.30.1"

