info: ::1 - - [27/Jan/2023:06:25:11 +0000] "POST /api/v1/users/registeration HTTP/1.1" 500 57 "-" "PostmanRuntime/7.30.0"

info: ::1 - - [27/Jan/2023:06:25:21 +0000] "POST /api/v1/users/registeration HTTP/1.1" 500 59 "-" "PostmanRuntime/7.30.0"

info: ::1 - - [27/Jan/2023:06:26:35 +0000] "POST /api/v1/users/registeration HTTP/1.1" 201 323 "-" "PostmanRuntime/7.30.0"

info: ::1 - - [27/Jan/2023:06:31:04 +0000] "POST /api/v1/users/login HTTP/1.1" 500 52 "-" "PostmanRuntime/7.30.0"

info: ::1 - - [27/Jan/2023:06:31:12 +0000] "POST /api/v1/users/login HTTP/1.1" 500 52 "-" "PostmanRuntime/7.30.0"

info: ::1 - - [27/Jan/2023:06:31:37 +0000] "POST /api/v1/users/login HTTP/1.1" 500 52 "-" "PostmanRuntime/7.30.0"

info: ::1 - - [27/Jan/2023:06:34:48 +0000] "POST /api/v1/users/login HTTP/1.1" 200 73 "-" "PostmanRuntime/7.30.0"

info: ::1 - - [27/Jan/2023:06:34:53 +0000] "POST /api/v1/users/login HTTP/1.1" 500 52 "-" "PostmanRuntime/7.30.0"

info: ::1 - - [27/Jan/2023:10:19:40 +0000] "POST /api/v1/users/registeration HTTP/1.1" 500 89 "-" "PostmanRuntime/7.30.0"

info: ::1 - - [27/Jan/2023:10:19:53 +0000] "POST /api/v1/users/registeration HTTP/1.1" 500 61 "-" "PostmanRuntime/7.30.0"

info: ::1 - - [27/Jan/2023:10:19:59 +0000] "POST /api/v1/users/registeration HTTP/1.1" 500 61 "-" "PostmanRuntime/7.30.0"

info: ::1 - - [27/Jan/2023:10:20:48 +0000] "POST /api/v1/users/registeration HTTP/1.1" 500 61 "-" "PostmanRuntime/7.30.0"

info: ::1 - - [27/Jan/2023:10:22:46 +0000] "POST /api/v1/users/registeration HTTP/1.1" 500 61 "-" "PostmanRuntime/7.30.0"

info: ::1 - - [27/Jan/2023:10:22:56 +0000] "POST /api/v1/users/registeration HTTP/1.1" 500 61 "-" "PostmanRuntime/7.30.0"

info: ::1 - - [27/Jan/2023:10:23:35 +0000] "POST /api/v1/users/registeration HTTP/1.1" 500 66 "-" "PostmanRuntime/7.30.0"

info: ::1 - - [27/Jan/2023:10:23:41 +0000] "POST /api/v1/users/registeration HTTP/1.1" 500 61 "-" "PostmanRuntime/7.30.0"

info: ::1 - - [27/Jan/2023:10:23:55 +0000] "POST /api/v1/users/registeration! HTTP/1.1" 400 65 "-" "PostmanRuntime/7.30.0"

info: ::1 - - [27/Jan/2023:10:24:02 +0000] "POST /api/v1/users/registeration HTTP/1.1" 500 61 "-" "PostmanRuntime/7.30.0"

info: ::1 - - [27/Jan/2023:10:24:14 +0000] "POST /api/v1/users/registerationll HTTP/1.1" 400 65 "-" "PostmanRuntime/7.30.0"

info: ::1 - - [27/Jan/2023:10:24:32 +0000] "POST /api/v1/users/registeration HTTP/1.1" 500 61 "-" "PostmanRuntime/7.30.0"

info: ::1 - - [27/Jan/2023:10:24:50 +0000] "GET /api/v1/users/registeration HTTP/1.1" 400 56 "-" "PostmanRuntime/7.30.0"

info: ::1 - - [27/Jan/2023:10:24:55 +0000] "POST /api/v1/users/registeration HTTP/1.1" 500 61 "-" "PostmanRuntime/7.30.0"

info: ::1 - - [27/Jan/2023:10:27:26 +0000] "POST /api/v1/users/registeration HTTP/1.1" 500 61 "-" "PostmanRuntime/7.30.0"

info: ::1 - - [27/Jan/2023:10:27:53 +0000] "POST /api/v1/users/registeration HTTP/1.1" 500 61 "-" "PostmanRuntime/7.30.0"

info: ::1 - - [27/Jan/2023:10:30:10 +0000] "POST /api/v1/users/registeration HTTP/1.1" 500 61 "-" "PostmanRuntime/7.30.0"

info: ::1 - - [27/Jan/2023:10:34:10 +0000] "POST /api/v1/users/registeration HTTP/1.1" 201 329 "-" "PostmanRuntime/7.30.0"

info: ::1 - - [27/Jan/2023:10:34:26 +0000] "POST /api/v1/users/registeration HTTP/1.1" 500 61 "-" "PostmanRuntime/7.30.0"

info: ::1 - - [27/Jan/2023:10:34:32 +0000] "POST /api/v1/users/registeration HTTP/1.1" 500 61 "-" "PostmanRuntime/7.30.0"

info: ::1 - - [27/Jan/2023:10:38:15 +0000] "POST /api/v1/users/registeration HTTP/1.1" 500 61 "-" "PostmanRuntime/7.30.0"

info: ::1 - - [27/Jan/2023:10:39:11 +0000] "POST /api/v1/users/registeration HTTP/1.1" 201 327 "-" "PostmanRuntime/7.30.0"

info: ::1 - - [27/Jan/2023:10:39:43 +0000] "POST /api/v1/users/registeration HTTP/1.1" 201 320 "-" "PostmanRuntime/7.30.0"

info: ::1 - - [27/Jan/2023:10:40:30 +0000] "POST /api/v1/users/registeration HTTP/1.1" 201 320 "-" "PostmanRuntime/7.30.0"

info: ::1 - - [27/Jan/2023:10:41:46 +0000] "POST /api/v1/users/registeration HTTP/1.1" 201 320 "-" "PostmanRuntime/7.30.0"

info: ::1 - - [27/Jan/2023:10:42:13 +0000] "POST /api/v1/users/registeration HTTP/1.1" 201 325 "-" "PostmanRuntime/7.30.0"

info: ::1 - - [27/Jan/2023:10:42:24 +0000] "POST /api/v1/users/registeration HTTP/1.1" 201 326 "-" "PostmanRuntime/7.30.0"

info: ::1 - - [27/Jan/2023:10:42:33 +0000] "POST /api/v1/users/registeration HTTP/1.1" 201 326 "-" "PostmanRuntime/7.30.0"

info: ::1 - - [27/Jan/2023:10:43:11 +0000] "POST /api/v1/users/registeration HTTP/1.1" 201 326 "-" "PostmanRuntime/7.30.0"

info: ::1 - - [27/Jan/2023:10:44:31 +0000] "POST /api/v1/users/registeration HTTP/1.1" 201 326 "-" "PostmanRuntime/7.30.0"

info: ::1 - - [27/Jan/2023:10:44:37 +0000] "POST /api/v1/users/registeration HTTP/1.1" 201 327 "-" "PostmanRuntime/7.30.0"

info: ::1 - - [27/Jan/2023:10:53:29 +0000] "POST /api/v1/users/token HTTP/1.1" 200 40 "-" "PostmanRuntime/7.30.0"

info: ::1 - - [27/Jan/2023:10:53:41 +0000] "POST /api/v1/users/token HTTP/1.1" 200 40 "-" "PostmanRuntime/7.30.0"

info: ::1 - - [27/Jan/2023:10:54:17 +0000] "POST /api/v1/users/token HTTP/1.1" 200 40 "-" "PostmanRuntime/7.30.0"

info: ::1 - - [27/Jan/2023:10:54:18 +0000] "POST /api/v1/users/token HTTP/1.1" 200 40 "-" "PostmanRuntime/7.30.0"

info: ::1 - - [27/Jan/2023:10:58:37 +0000] "POST /api/v1/users/token HTTP/1.1" 200 40 "-" "PostmanRuntime/7.30.0"

info: ::1 - - [27/Jan/2023:11:00:01 +0000] "POST /api/v1/users/registeration HTTP/1.1" 500 61 "-" "PostmanRuntime/7.30.0"

info: ::1 - - [27/Jan/2023:11:00:12 +0000] "POST /api/v1/users/registeration HTTP/1.1" 500 61 "-" "PostmanRuntime/7.30.0"

info: ::1 - - [27/Jan/2023:11:00:36 +0000] "POST /api/v1/users/registeration HTTP/1.1" 500 61 "-" "PostmanRuntime/7.30.0"

info: ::1 - - [27/Jan/2023:11:00:43 +0000] "POST /api/v1/users/registeration HTTP/1.1" 500 103 "-" "PostmanRuntime/7.30.0"

info: ::1 - - [27/Jan/2023:11:01:04 +0000] "POST /api/v1/users/registeration HTTP/1.1" 500 61 "-" "PostmanRuntime/7.30.0"

info: ::1 - - [27/Jan/2023:11:01:26 +0000] "POST /api/v1/users/registeration HTTP/1.1" 500 61 "-" "PostmanRuntime/7.30.0"

info: ::1 - - [27/Jan/2023:11:01:38 +0000] "POST /api/v1/users/registeration HTTP/1.1" 201 328 "-" "PostmanRuntime/7.30.0"

info: ::1 - - [27/Jan/2023:11:03:08 +0000] "POST /api/v1/users/token HTTP/1.1" 200 40 "-" "PostmanRuntime/7.30.0"

info: ::1 - - [27/Jan/2023:11:35:41 +0000] "POST /api/v1/users/token HTTP/1.1" 500 53 "-" "PostmanRuntime/7.30.0"

info: ::1 - - [27/Jan/2023:11:35:57 +0000] "POST /api/v1/users/token HTTP/1.1" 200 40 "-" "PostmanRuntime/7.30.0"

info: ::1 - - [27/Jan/2023:11:57:41 +0000] "POST /api/v1/users/registeration HTTP/1.1" 500 61 "-" "PostmanRuntime/7.30.0"

info: ::1 - - [27/Jan/2023:11:58:06 +0000] "POST /api/v1/users/registeration HTTP/1.1" 500 61 "-" "PostmanRuntime/7.30.0"

info: ::1 - - [27/Jan/2023:11:58:54 +0000] "POST /api/v1/users/registeration HTTP/1.1" 201 328 "-" "PostmanRuntime/7.30.0"

info: ::1 - - [27/Jan/2023:11:58:58 +0000] "POST /api/v1/users/registeration HTTP/1.1" 201 326 "-" "PostmanRuntime/7.30.0"

info: ::1 - - [27/Jan/2023:11:59:26 +0000] "POST /api/v1/users/registeration HTTP/1.1" 201 326 "-" "PostmanRuntime/7.30.0"

info: ::1 - - [27/Jan/2023:12:08:38 +0000] "POST /api/v1/users/registeration HTTP/1.1" 500 114 "-" "PostmanRuntime/7.30.0"

info: ::1 - - [27/Jan/2023:12:08:51 +0000] "POST /api/v1/users/registeration HTTP/1.1" 500 109 "-" "PostmanRuntime/7.30.0"

info: ::1 - - [27/Jan/2023:12:09:06 +0000] "POST /api/v1/users/registeration HTTP/1.1" 500 106 "-" "PostmanRuntime/7.30.0"

info: ::1 - - [27/Jan/2023:12:11:41 +0000] "POST /api/v1/users/registeration HTTP/1.1" 500 59 "-" "PostmanRuntime/7.30.0"

info: ::1 - - [27/Jan/2023:12:11:52 +0000] "POST /api/v1/users/registeration HTTP/1.1" 500 59 "-" "PostmanRuntime/7.30.0"

info: ::1 - - [27/Jan/2023:12:12:06 +0000] "POST /api/v1/users/registeration HTTP/1.1" 500 59 "-" "PostmanRuntime/7.30.0"

info: ::1 - - [27/Jan/2023:12:12:40 +0000] "POST /api/v1/users/registeration HTTP/1.1" 500 59 "-" "PostmanRuntime/7.30.0"

info: ::1 - - [27/Jan/2023:12:12:59 +0000] "POST /api/v1/users/registeration HTTP/1.1" 500 59 "-" "PostmanRuntime/7.30.0"

info: ::1 - - [27/Jan/2023:12:13:29 +0000] "POST /api/v1/users/registeration HTTP/1.1" 500 59 "-" "PostmanRuntime/7.30.0"

info: ::1 - - [27/Jan/2023:12:13:45 +0000] "POST /api/v1/users/registeration HTTP/1.1" 500 59 "-" "PostmanRuntime/7.30.0"

info: ::1 - - [27/Jan/2023:12:13:52 +0000] "POST /api/v1/users/registeration HTTP/1.1" 500 59 "-" "PostmanRuntime/7.30.0"

info: ::1 - - [27/Jan/2023:12:15:02 +0000] "POST /api/v1/users/registeration HTTP/1.1" 500 59 "-" "PostmanRuntime/7.30.0"

info: ::1 - - [27/Jan/2023:12:16:35 +0000] "POST /api/v1/users/registeration HTTP/1.1" 500 59 "-" "PostmanRuntime/7.30.0"

info: ::1 - - [27/Jan/2023:12:18:05 +0000] "POST /api/v1/users/registeration HTTP/1.1" 500 61 "-" "PostmanRuntime/7.30.0"

info: ::1 - - [27/Jan/2023:12:19:18 +0000] "POST /api/v1/users/registeration HTTP/1.1" 201 331 "-" "PostmanRuntime/7.30.0"

info: ::1 - - [27/Jan/2023:12:19:22 +0000] "POST /api/v1/users/registeration HTTP/1.1" 500 59 "-" "PostmanRuntime/7.30.0"

info: ::1 - - [27/Jan/2023:12:19:28 +0000] "POST /api/v1/users/registeration HTTP/1.1" 201 329 "-" "PostmanRuntime/7.30.0"

info: ::1 - - [27/Jan/2023:14:02:15 +0000] "POST /api/v1/users/login HTTP/1.1" 500 77 "-" "PostmanRuntime/7.30.0"

info: ::1 - - [27/Jan/2023:14:02:56 +0000] "POST /api/v1/users/login HTTP/1.1" 200 73 "-" "PostmanRuntime/7.30.0"

info: ::1 - - [27/Jan/2023:14:03:02 +0000] "POST /api/v1/users/login HTTP/1.1" 500 52 "-" "PostmanRuntime/7.30.0"

info: ::1 - - [27/Jan/2023:16:48:43 +0000] "POST /api/v1/users/registeration HTTP/1.1" 201 50 "-" "PostmanRuntime/7.30.0"

info: ::1 - - [27/Jan/2023:16:49:57 +0000] "POST /api/v1/users/registeration HTTP/1.1" 201 50 "-" "PostmanRuntime/7.30.0"

info: ::1 - - [27/Jan/2023:16:51:27 +0000] "POST /api/v1/users/registeration HTTP/1.1" 201 50 "-" "PostmanRuntime/7.30.0"

info: ::1 - - [27/Jan/2023:16:51:48 +0000] "POST /api/v1/users/registeration HTTP/1.1" 201 50 "-" "PostmanRuntime/7.30.0"

info: ::1 - - [27/Jan/2023:16:54:08 +0000] "POST /api/v1/users/registeration HTTP/1.1" 500 59 "-" "PostmanRuntime/7.30.0"

info: ::1 - - [27/Jan/2023:16:54:44 +0000] "POST /api/v1/users/registeration HTTP/1.1" 500 59 "-" "PostmanRuntime/7.30.0"

