info: ::1 - - [31/Jan/2023:18:51:02 +0000] "PUT /api/v1/notes/63d9275b8d8fe7561c2ff4a9/Archieve HTTP/1.1" 400 56 "-" "PostmanRuntime/7.30.1"

info: ::1 - - [31/Jan/2023:18:51:45 +0000] "PUT /api/v1/notes/63d9275b8d8fe7561c2ff4a9/Archieve HTTP/1.1" 500 48 "-" "PostmanRuntime/7.30.1"

info: ::1 - - [31/Jan/2023:18:52:39 +0000] "POST /api/v1/users/login HTTP/1.1" 200 195 "-" "PostmanRuntime/7.30.1"

info: ::1 - - [31/Jan/2023:18:53:02 +0000] "PUT /api/v1/notes/63d9275b8d8fe7561c2ff4a9/Archieve HTTP/1.1" 201 293 "-" "PostmanRuntime/7.30.1"

info: ::1 - - [31/Jan/2023:18:53:05 +0000] "PUT /api/v1/notes/63d9275b8d8fe7561c2ff4a9/Archieve HTTP/1.1" 201 294 "-" "PostmanRuntime/7.30.1"

info: ::1 - - [31/Jan/2023:18:53:07 +0000] "PUT /api/v1/notes/63d9275b8d8fe7561c2ff4a9/Archieve HTTP/1.1" 201 293 "-" "PostmanRuntime/7.30.1"

info: ::1 - - [31/Jan/2023:18:54:56 +0000] "POST /api/v1/users/login HTTP/1.1" 200 195 "-" "PostmanRuntime/7.30.1"

info: ::1 - - [31/Jan/2023:18:55:03 +0000] "PUT /api/v1/notes/63d9275b8d8fe7561c2ff4a9/Archieve HTTP/1.1" 201 294 "-" "PostmanRuntime/7.30.1"

info: ::1 - - [31/Jan/2023:18:56:39 +0000] "PUT /api/v1/notes/63d9275b8d8fe7561c2ff4a9/Archieve HTTP/1.1" 201 293 "-" "PostmanRuntime/7.30.1"

info: ::1 - - [31/Jan/2023:19:00:46 +0000] "POST /api/v1/users/registeration HTTP/1.1" 201 320 "-" "PostmanRuntime/7.30.1"

info: ::1 - - [31/Jan/2023:19:01:05 +0000] "POST /api/v1/users/registeration HTTP/1.1" 201 324 "-" "PostmanRuntime/7.30.1"

info: ::1 - - [31/Jan/2023:19:03:16 +0000] "POST /api/v1/users/login HTTP/1.1" 200 197 "-" "PostmanRuntime/7.30.1"

info: ::1 - - [31/Jan/2023:19:04:13 +0000] "POST /api/v1/notes/ HTTP/1.1" 201 283 "-" "PostmanRuntime/7.30.1"

info: ::1 - - [31/Jan/2023:19:04:44 +0000] "POST /api/v1/notes/ HTTP/1.1" 201 283 "-" "PostmanRuntime/7.30.1"

info: ::1 - - [31/Jan/2023:19:06:24 +0000] "POST /api/v1/notes/ HTTP/1.1" 201 297 "-" "PostmanRuntime/7.30.1"

info: ::1 - - [31/Jan/2023:19:06:29 +0000] "POST /api/v1/notes/ HTTP/1.1" 201 297 "-" "PostmanRuntime/7.30.1"

info: ::1 - - [31/Jan/2023:19:07:16 +0000] "POST /api/v1/users/login HTTP/1.1" 200 194 "-" "PostmanRuntime/7.30.1"

info: ::1 - - [31/Jan/2023:19:07:20 +0000] "POST /api/v1/users/login HTTP/1.1" 200 194 "-" "PostmanRuntime/7.30.1"

info: ::1 - - [31/Jan/2023:19:08:26 +0000] "POST /api/v1/notes/ HTTP/1.1" 201 292 "-" "PostmanRuntime/7.30.1"

info: ::1 - - [31/Jan/2023:19:08:35 +0000] "POST /api/v1/notes/ HTTP/1.1" 201 292 "-" "PostmanRuntime/7.30.1"

info: ::1 - - [31/Jan/2023:19:11:32 +0000] "PUT /api/v1/notes/63d9275b8d8fe7561c2ff4a9/Archieve HTTP/1.1" 500 86 "-" "PostmanRuntime/7.30.1"

info: ::1 - - [31/Jan/2023:19:13:06 +0000] "PUT /api/v1/notes/63d9275b8d8fe7561c2ff4a9/Archieve HTTP/1.1" 500 86 "-" "PostmanRuntime/7.30.1"

info: ::1 - - [31/Jan/2023:19:14:01 +0000] "PUT /api/v1/notes/63d96733b69e0288606e4887/Archieve HTTP/1.1" 201 291 "-" "PostmanRuntime/7.30.1"

info: ::1 - - [31/Jan/2023:19:14:37 +0000] "PUT /api/v1/notes/63d966b5b69e0288606e4881/Archieve HTTP/1.1" 201 296 "-" "PostmanRuntime/7.30.1"

info: ::1 - - [31/Jan/2023:19:16:57 +0000] "PUT /api/v1/notes/63d966b5b69e0288606e4881/Archieve HTTP/1.1" 201 297 "-" "PostmanRuntime/7.30.1"

info: ::1 - - [31/Jan/2023:19:17:43 +0000] "PUT /api/v1/notes/63d966b5b69e0288606e4881/Archieve HTTP/1.1" 201 296 "-" "PostmanRuntime/7.30.1"

info: ::1 - - [31/Jan/2023:19:19:10 +0000] "PUT /api/v1/notes/63d966b5b69e0288606e4881/Archieve HTTP/1.1" 201 297 "-" "PostmanRuntime/7.30.1"

info: ::1 - - [31/Jan/2023:19:19:55 +0000] "PUT /api/v1/notes/63d966b5b69e0288606e4881/Archieve HTTP/1.1" 500 22 "-" "PostmanRuntime/7.30.1"

info: ::1 - - [31/Jan/2023:19:20:18 +0000] "PUT /api/v1/notes/63d966b5b69e0288606e4881/Archieve HTTP/1.1" 201 296 "-" "PostmanRuntime/7.30.1"

info: ::1 - - [31/Jan/2023:19:22:39 +0000] "PUT /api/v1/notes/63d966b5b69e0288606e4881/Archieve HTTP/1.1" 201 297 "-" "PostmanRuntime/7.30.1"

info: ::1 - - [31/Jan/2023:19:24:20 +0000] "PUT /api/v1/notes/63d966b5b69e0288606e4881/Archieve HTTP/1.1" 404 47 "-" "PostmanRuntime/7.30.1"

info: ::1 - - [31/Jan/2023:19:24:25 +0000] "PATCH /api/v1/notes/63d966b5b69e0288606e4881/Archieve HTTP/1.1" 201 296 "-" "PostmanRuntime/7.30.1"

info: ::1 - - [31/Jan/2023:19:26:32 +0000] "PATCH /api/v1/notes/63d966b5b69e0288606e4881/Archieve HTTP/1.1" 201 297 "-" "PostmanRuntime/7.30.1"

info: ::1 - - [31/Jan/2023:19:35:37 +0000] "PATCH /api/v1/notes/63d966b5b69e0288606e4881/Archieve HTTP/1.1" 201 296 "-" "PostmanRuntime/7.30.1"

info: ::1 - - [01/Feb/2023:05:18:26 +0000] "PUT /api/v1/notes/63d966b5b69e0288606e4881/Archieve HTTP/1.1" 201 297 "-" "PostmanRuntime/7.30.1"

info: ::1 - - [01/Feb/2023:05:18:30 +0000] "PUT /api/v1/notes/63d966b5b69e0288606e4881/Archieve HTTP/1.1" 201 296 "-" "PostmanRuntime/7.30.1"

info: ::1 - - [01/Feb/2023:05:18:33 +0000] "PUT /api/v1/notes/63d966b5b69e0288606e4881/Archieve HTTP/1.1" 201 297 "-" "PostmanRuntime/7.30.1"

info: ::1 - - [01/Feb/2023:05:19:05 +0000] "POST /api/v1/users/login HTTP/1.1" 200 194 "-" "PostmanRuntime/7.30.1"

info: ::1 - - [01/Feb/2023:05:19:50 +0000] "GET /api/v1/notes HTTP/1.1" 400 56 "-" "PostmanRuntime/7.30.1"

info: ::1 - - [01/Feb/2023:05:20:20 +0000] "GET /api/v1/notes HTTP/1.1" 200 1013 "-" "PostmanRuntime/7.30.1"

info: ::1 - - [01/Feb/2023:07:20:46 +0000] "GET /api/v1/notes HTTP/1.1" 500 88 "-" "PostmanRuntime/7.30.1"

info: ::1 - - [01/Feb/2023:07:24:38 +0000] "GET /api/v1/notes HTTP/1.1" 200 533 "-" "PostmanRuntime/7.30.1"

info: ::1 - - [01/Feb/2023:07:25:13 +0000] "POST /api/v1/users/login HTTP/1.1" 200 197 "-" "PostmanRuntime/7.30.1"

info: ::1 - - [01/Feb/2023:07:25:36 +0000] "GET /api/v1/notes HTTP/1.1" 200 544 "-" "PostmanRuntime/7.30.1"

info: ::1 - - [01/Feb/2023:14:48:05 +0000] "GET /api/v1/notes HTTP/1.1" 200 544 "-" "PostmanRuntime/7.30.1"

info: ::1 - - [01/Feb/2023:14:50:41 +0000] "GET /api/v1/notes HTTP/1.1" 200 544 "-" "PostmanRuntime/7.30.1"

info: ::1 - - [01/Feb/2023:14:51:41 +0000] "GET /api/v1/notes HTTP/1.1" 200 544 "-" "PostmanRuntime/7.30.1"

info: ::1 - - [01/Feb/2023:14:51:48 +0000] "GET /api/v1/notes HTTP/1.1" 200 544 "-" "PostmanRuntime/7.30.1"

info: ::1 - - [01/Feb/2023:14:52:18 +0000] "GET /api/v1/notes HTTP/1.1" 200 544 "-" "PostmanRuntime/7.30.1"

info: ::1 - - [01/Feb/2023:16:02:22 +0000] "GET /api/v1/notes HTTP/1.1" 200 544 "-" "PostmanRuntime/7.30.1"

info: ::1 - - [01/Feb/2023:16:10:59 +0000] "POST /api/v1/users/login HTTP/1.1" 200 197 "-" "PostmanRuntime/7.30.1"

info: ::1 - - [01/Feb/2023:16:13:23 +0000] "POST /api/v1/notes/ HTTP/1.1" 201 287 "-" "PostmanRuntime/7.30.1"

info: ::1 - - [01/Feb/2023:16:14:35 +0000] "GET /api/v1/notes HTTP/1.1" 200 544 "-" "PostmanRuntime/7.30.1"

info: ::1 - - [01/Feb/2023:16:15:28 +0000] "POST /api/v1/users/login HTTP/1.1" 200 194 "-" "PostmanRuntime/7.30.1"

info: ::1 - - [01/Feb/2023:16:15:51 +0000] "GET /api/v1/notes HTTP/1.1" 200 533 "-" "PostmanRuntime/7.30.1"

info: ::1 - - [01/Feb/2023:16:54:19 +0000] "POST /api/v1/users/login HTTP/1.1" 200 194 "-" "PostmanRuntime/7.30.1"

info: ::1 - - [01/Feb/2023:16:55:10 +0000] "POST /api/v1/notes/ HTTP/1.1" 201 269 "-" "PostmanRuntime/7.30.1"

info: ::1 - - [01/Feb/2023:16:55:27 +0000] "POST /api/v1/notes/ HTTP/1.1" 201 269 "-" "PostmanRuntime/7.30.1"

info: ::1 - - [01/Feb/2023:16:56:09 +0000] "GET /api/v1/notes HTTP/1.1" 200 488 "-" "PostmanRuntime/7.30.1"

info: ::1 - - [01/Feb/2023:16:58:22 +0000] "GET /api/v1/notes HTTP/1.1" 200 488 "-" "PostmanRuntime/7.30.1"

info: ::1 - - [01/Feb/2023:16:59:29 +0000] "GET /api/v1/notes HTTP/1.1" 200 488 "-" "PostmanRuntime/7.30.1"

info: ::1 - - [01/Feb/2023:17:00:08 +0000] "POST /api/v1/users/login HTTP/1.1" 400 56 "-" "PostmanRuntime/7.30.1"

info: ::1 - - [01/Feb/2023:17:00:15 +0000] "POST /api/v1/users/login HTTP/1.1" 400 56 "-" "PostmanRuntime/7.30.1"

info: ::1 - - [01/Feb/2023:17:00:35 +0000] "POST /api/v1/users/login HTTP/1.1" 200 194 "-" "PostmanRuntime/7.30.1"

info: ::1 - - [01/Feb/2023:17:01:33 +0000] "POST /api/v1/notes/ HTTP/1.1" 201 269 "-" "PostmanRuntime/7.30.1"

info: ::1 - - [01/Feb/2023:17:02:22 +0000] "POST /api/v1/notes/ HTTP/1.1" 201 269 "-" "PostmanRuntime/7.30.1"

info: ::1 - - [01/Feb/2023:17:03:31 +0000] "POST /api/v1/notes/ HTTP/1.1" 201 269 "-" "PostmanRuntime/7.30.1"

info: ::1 - - [01/Feb/2023:17:03:56 +0000] "POST /api/v1/notes/ HTTP/1.1" 500 81 "-" "PostmanRuntime/7.30.1"

info: ::1 - - [01/Feb/2023:17:05:22 +0000] "POST /api/v1/notes/ HTTP/1.1" 201 305 "-" "PostmanRuntime/7.30.1"

info: ::1 - - [01/Feb/2023:17:06:22 +0000] "POST /api/v1/notes/ HTTP/1.1" 201 269 "-" "PostmanRuntime/7.30.1"

info: ::1 - - [01/Feb/2023:17:13:19 +0000] "POST /api/v1/notes/ HTTP/1.1" 201 267 "-" "PostmanRuntime/7.30.1"

info: ::1 - - [01/Feb/2023:17:13:34 +0000] "POST /api/v1/notes/ HTTP/1.1" 201 267 "-" "PostmanRuntime/7.30.1"

info: ::1 - - [01/Feb/2023:17:13:38 +0000] "POST /api/v1/notes/ HTTP/1.1" 201 267 "-" "PostmanRuntime/7.30.1"

info: ::1 - - [01/Feb/2023:17:16:08 +0000] "GET /api/v1/notes HTTP/1.1" 200 694 "-" "PostmanRuntime/7.30.1"

info: ::1 - - [01/Feb/2023:17:16:30 +0000] "GET /api/v1/notes HTTP/1.1" 500 48 "-" "PostmanRuntime/7.30.1"

info: ::1 - - [01/Feb/2023:17:16:37 +0000] "GET /api/v1/notes HTTP/1.1" 200 694 "-" "PostmanRuntime/7.30.1"

info: ::1 - - [01/Feb/2023:17:20:25 +0000] "POST /api/v1/notes/ HTTP/1.1" 500 88 "-" "PostmanRuntime/7.30.1"

info: ::1 - - [01/Feb/2023:17:21:00 +0000] "POST /api/v1/notes/ HTTP/1.1" 201 267 "-" "PostmanRuntime/7.30.1"

info: ::1 - - [01/Feb/2023:17:24:44 +0000] "GET /api/v1/notes HTTP/1.1" 200 904 "-" "PostmanRuntime/7.30.1"

info: ::1 - - [01/Feb/2023:17:28:45 +0000] "GET /api/v1/notes HTTP/1.1" 200 904 "-" "PostmanRuntime/7.30.1"

info: ::1 - - [01/Feb/2023:17:29:18 +0000] "GET /api/v1/notes HTTP/1.1" 200 904 "-" "PostmanRuntime/7.30.1"

info: ::1 - - [01/Feb/2023:17:29:42 +0000] "GET /api/v1/notes HTTP/1.1" 200 904 "-" "PostmanRuntime/7.30.1"

info: ::1 - - [01/Feb/2023:17:30:33 +0000] "GET /api/v1/notes HTTP/1.1" 200 65 "-" "PostmanRuntime/7.30.1"

info: ::1 - - [01/Feb/2023:17:31:03 +0000] "GET /api/v1/notes HTTP/1.1" 200 65 "-" "PostmanRuntime/7.30.1"

info: ::1 - - [01/Feb/2023:17:33:13 +0000] "POST /api/v1/notes/ HTTP/1.1" 201 303 "-" "PostmanRuntime/7.30.1"

info: ::1 - - [01/Feb/2023:17:33:31 +0000] "POST /api/v1/notes/ HTTP/1.1" 201 303 "-" "PostmanRuntime/7.30.1"

info: ::1 - - [01/Feb/2023:17:34:09 +0000] "POST /api/v1/notes/ HTTP/1.1" 201 267 "-" "PostmanRuntime/7.30.1"

info: ::1 - - [01/Feb/2023:17:36:04 +0000] "GET /api/v1/notes HTTP/1.1" 200 556 "-" "PostmanRuntime/7.30.1"

info: ::1 - - [01/Feb/2023:17:40:24 +0000] "POST /api/v1/users/login HTTP/1.1" 200 197 "-" "PostmanRuntime/7.30.1"

info: ::1 - - [01/Feb/2023:17:41:41 +0000] "POST /api/v1/notes/ HTTP/1.1" 201 305 "-" "PostmanRuntime/7.30.1"

info: ::1 - - [01/Feb/2023:17:41:48 +0000] "POST /api/v1/notes/ HTTP/1.1" 201 305 "-" "PostmanRuntime/7.30.1"

info: ::1 - - [01/Feb/2023:17:42:35 +0000] "GET /api/v1/notes HTTP/1.1" 200 560 "-" "PostmanRuntime/7.30.1"

info: ::1 - - [01/Feb/2023:17:43:11 +0000] "PUT /api/v1/notes/63d966b5b69e0288606e4881/Archieve HTTP/1.1" 500 86 "-" "PostmanRuntime/7.30.1"

