info: ::1 - - [25/Jan/2023:18:39:16 +0000] "POST /api/v1/users/login HTTP/1.1" - - "-" "PostmanRuntime/7.30.0"

info: ::1 - - [25/Jan/2023:18:40:20 +0000] "POST /api/v1/users/login HTTP/1.1" - - "-" "PostmanRuntime/7.30.0"

info: ::1 - - [25/Jan/2023:18:42:05 +0000] "POST /api/v1/users/login HTTP/1.1" - - "-" "PostmanRuntime/7.30.0"

info: ::1 - - [25/Jan/2023:18:51:02 +0000] "POST /api/v1/users/login HTTP/1.1" - - "-" "PostmanRuntime/7.30.0"

info: ::1 - - [25/Jan/2023:18:54:42 +0000] "POST /api/v1/users/login HTTP/1.1" 200 52 "-" "PostmanRuntime/7.30.0"

info: ::1 - - [25/Jan/2023:18:54:49 +0000] "POST /api/v1/users/login HTTP/1.1" 200 52 "-" "PostmanRuntime/7.30.0"

info: ::1 - - [25/Jan/2023:19:02:27 +0000] "POST /api/v1/users/login HTTP/1.1" 200 52 "-" "PostmanRuntime/7.30.0"

info: ::1 - - [25/Jan/2023:19:03:11 +0000] "POST /api/v1/users/login HTTP/1.1" - - "-" "PostmanRuntime/7.30.0"

info: ::1 - - [25/Jan/2023:19:05:33 +0000] "POST /api/v1/users/login HTTP/1.1" - - "-" "PostmanRuntime/7.30.0"

info: ::1 - - [25/Jan/2023:19:06:22 +0000] "POST /api/v1/users/login HTTP/1.1" 200 52 "-" "PostmanRuntime/7.30.0"

info: ::1 - - [25/Jan/2023:19:06:28 +0000] "POST /api/v1/users/login HTTP/1.1" 200 52 "-" "PostmanRuntime/7.30.0"

info: ::1 - - [25/Jan/2023:19:07:49 +0000] "POST /api/v1/users/login HTTP/1.1" 200 52 "-" "PostmanRuntime/7.30.0"

info: ::1 - - [26/Jan/2023:05:42:47 +0000] "POST /api/v1/users HTTP/1.1" 500 60 "-" "PostmanRuntime/7.30.0"

info: ::1 - - [26/Jan/2023:05:44:24 +0000] "POST /api/v1/users HTTP/1.1" 500 61 "-" "PostmanRuntime/7.30.0"

info: ::1 - - [26/Jan/2023:05:44:52 +0000] "POST /api/v1/users HTTP/1.1" 500 61 "-" "PostmanRuntime/7.30.0"

info: ::1 - - [26/Jan/2023:05:49:43 +0000] "POST /api/v1/users/Parath131@gmail.com HTTP/1.1" 404 47 "-" "PostmanRuntime/7.30.0"

info: ::1 - - [26/Jan/2023:05:50:19 +0000] "POST /api/v1/users/Parath131@gmail.com HTTP/1.1" 404 47 "-" "PostmanRuntime/7.30.0"

info: ::1 - - [26/Jan/2023:05:52:57 +0000] "POST /api/v1/users/Parath131@gmail.com HTTP/1.1" 200 301 "-" "PostmanRuntime/7.30.0"

info: ::1 - - [26/Jan/2023:05:53:09 +0000] "POST /api/v1/users/Paratha131@gmail.com HTTP/1.1" 200 52 "-" "PostmanRuntime/7.30.0"

info: ::1 - - [26/Jan/2023:05:53:18 +0000] "POST /api/v1/users/Paratha1aa31@gmail.com HTTP/1.1" 200 52 "-" "PostmanRuntime/7.30.0"

info: ::1 - - [26/Jan/2023:05:53:24 +0000] "POST /api/v1/users/Parath131@gmail.com HTTP/1.1" 200 301 "-" "PostmanRuntime/7.30.0"

info: ::1 - - [26/Jan/2023:05:59:45 +0000] "POST /api/v1/users/Parathaa131@gmail.com HTTP/1.1" 200 52 "-" "PostmanRuntime/7.30.0"

info: ::1 - - [26/Jan/2023:06:00:02 +0000] "POST /api/v1/users/Parathaa131@gmail.com HTTP/1.1" 200 52 "-" "PostmanRuntime/7.30.0"

info: ::1 - - [26/Jan/2023:06:01:15 +0000] "POST /api/v1/users/Parathaa131@gmail.com HTTP/1.1" - - "-" "PostmanRuntime/7.30.0"

info: ::1 - - [26/Jan/2023:06:01:28 +0000] "POST /api/v1/users/Parath131@gmail.com HTTP/1.1" - - "-" "PostmanRuntime/7.30.0"

info: ::1 - - [26/Jan/2023:06:02:26 +0000] "POST /api/v1/users/Parath131@gmail.com HTTP/1.1" 200 301 "-" "PostmanRuntime/7.30.0"

info: ::1 - - [26/Jan/2023:06:02:43 +0000] "POST /api/v1/users/Parath1z31@gmail.com HTTP/1.1" 200 52 "-" "PostmanRuntime/7.30.0"

info: ::1 - - [26/Jan/2023:06:05:04 +0000] "POST /api/v1/users/Parath1z31@gmail.com HTTP/1.1" 200 52 "-" "PostmanRuntime/7.30.0"

info: ::1 - - [26/Jan/2023:06:05:49 +0000] "POST /api/v1/users/Parath1z31@gmail.com HTTP/1.1" 400 65 "-" "PostmanRuntime/7.30.0"

info: ::1 - - [26/Jan/2023:06:06:44 +0000] "POST /api/v1/users/Parath131@gmail.com HTTP/1.1" 400 314 "-" "PostmanRuntime/7.30.0"

info: ::1 - - [26/Jan/2023:06:32:15 +0000] "POST /api/v1/users/registeration HTTP/1.1" 500 56 "-" "PostmanRuntime/7.30.0"

info: ::1 - - [26/Jan/2023:06:42:27 +0000] "POST /api/v1/users/registeration HTTP/1.1" 201 300 "-" "PostmanRuntime/7.30.0"

info: ::1 - - [26/Jan/2023:06:42:31 +0000] "POST /api/v1/users/registeration HTTP/1.1" 500 61 "-" "PostmanRuntime/7.30.0"

info: ::1 - - [26/Jan/2023:06:44:24 +0000] "POST /api/v1/users/registeration HTTP/1.1" 201 301 "-" "PostmanRuntime/7.30.0"

info: ::1 - - [26/Jan/2023:07:19:26 +0000] "POST /api/v1/users/login HTTP/1.1" 500 54 "-" "PostmanRuntime/7.30.0"

info: ::1 - - [26/Jan/2023:07:19:41 +0000] "POST /api/v1/users/login HTTP/1.1" 500 54 "-" "PostmanRuntime/7.30.0"

info: ::1 - - [26/Jan/2023:07:19:47 +0000] "POST /api/v1/users/login HTTP/1.1" 500 54 "-" "PostmanRuntime/7.30.0"

info: ::1 - - [26/Jan/2023:07:19:48 +0000] "POST /api/v1/users/login HTTP/1.1" 500 54 "-" "PostmanRuntime/7.30.0"

info: ::1 - - [26/Jan/2023:07:21:56 +0000] "POST /api/v1/users/login HTTP/1.1" 200 60 "-" "PostmanRuntime/7.30.0"

info: ::1 - - [26/Jan/2023:07:22:05 +0000] "POST /api/v1/users/login HTTP/1.1" 500 44 "-" "PostmanRuntime/7.30.0"

info: ::1 - - [26/Jan/2023:07:22:55 +0000] "POST /api/v1/users/login HTTP/1.1" 200 60 "-" "PostmanRuntime/7.30.0"

info: ::1 - - [26/Jan/2023:07:23:00 +0000] "POST /api/v1/users/login HTTP/1.1" 200 62 "-" "PostmanRuntime/7.30.0"

info: ::1 - - [26/Jan/2023:12:27:36 +0000] "POST /api/v1/users/login HTTP/1.1" 500 54 "-" "PostmanRuntime/7.30.0"

info: ::1 - - [26/Jan/2023:12:48:34 +0000] "POST /api/v1/users/login HTTP/1.1" 200 60 "-" "PostmanRuntime/7.30.0"

info: ::1 - - [26/Jan/2023:13:03:08 +0000] "POST /api/v1/users/login HTTP/1.1" 500 77 "-" "PostmanRuntime/7.30.0"

info: ::1 - - [26/Jan/2023:13:05:17 +0000] "POST /api/v1/users/login HTTP/1.1" 500 77 "-" "PostmanRuntime/7.30.0"

info: ::1 - - [26/Jan/2023:13:07:37 +0000] "POST /api/v1/users/login HTTP/1.1" 500 77 "-" "PostmanRuntime/7.30.0"

info: ::1 - - [26/Jan/2023:13:08:39 +0000] "POST /api/v1/users/login HTTP/1.1" 500 77 "-" "PostmanRuntime/7.30.0"

info: ::1 - - [26/Jan/2023:13:09:02 +0000] "POST /api/v1/users/login HTTP/1.1" 500 77 "-" "PostmanRuntime/7.30.0"

info: ::1 - - [26/Jan/2023:13:10:02 +0000] "POST /api/v1/users/login HTTP/1.1" 500 77 "-" "PostmanRuntime/7.30.0"

info: ::1 - - [26/Jan/2023:13:10:16 +0000] "POST /api/v1/users/login HTTP/1.1" 500 77 "-" "PostmanRuntime/7.30.0"

info: ::1 - - [26/Jan/2023:13:11:10 +0000] "POST /api/v1/users/login HTTP/1.1" 500 54 "-" "PostmanRuntime/7.30.0"

info: ::1 - - [26/Jan/2023:13:11:22 +0000] "POST /api/v1/users/login HTTP/1.1" 500 57 "-" "PostmanRuntime/7.30.0"

info: ::1 - - [26/Jan/2023:13:12:38 +0000] "POST /api/v1/users/login HTTP/1.1" 500 52 "-" "PostmanRuntime/7.30.0"

info: ::1 - - [26/Jan/2023:13:13:00 +0000] "POST /api/v1/users/login HTTP/1.1" 500 52 "-" "PostmanRuntime/7.30.0"

info: ::1 - - [26/Jan/2023:13:13:30 +0000] "POST /api/v1/users/login HTTP/1.1" 200 73 "-" "PostmanRuntime/7.30.0"

info: ::1 - - [26/Jan/2023:15:15:04 +0000] "POST /api/v1/users/login HTTP/1.1" 200 73 "-" "PostmanRuntime/7.30.0"

info: ::1 - - [26/Jan/2023:15:15:46 +0000] "POST /api/v1/users/login HTTP/1.1" 200 73 "-" "PostmanRuntime/7.30.0"

info: ::1 - - [26/Jan/2023:15:15:48 +0000] "POST /api/v1/users/login HTTP/1.1" 200 73 "-" "PostmanRuntime/7.30.0"

info: ::1 - - [26/Jan/2023:15:16:24 +0000] "POST /api/v1/users/login HTTP/1.1" 200 73 "-" "PostmanRuntime/7.30.0"

info: ::1 - - [26/Jan/2023:15:16:34 +0000] "POST /api/v1/users/login HTTP/1.1" 200 73 "-" "PostmanRuntime/7.30.0"

info: ::1 - - [26/Jan/2023:15:54:28 +0000] "POST /api/v1/users/login HTTP/1.1" 200 73 "-" "PostmanRuntime/7.30.0"

info: ::1 - - [26/Jan/2023:15:55:04 +0000] "POST /api/v1/users/login HTTP/1.1" 500 54 "-" "PostmanRuntime/7.30.0"

info: ::1 - - [26/Jan/2023:15:55:36 +0000] "POST /api/v1/users/registeration HTTP/1.1" 500 58 "-" "PostmanRuntime/7.30.0"

info: ::1 - - [26/Jan/2023:15:55:55 +0000] "POST /api/v1/users/registeration HTTP/1.1" 500 58 "-" "PostmanRuntime/7.30.0"

info: ::1 - - [26/Jan/2023:16:00:06 +0000] "POST /api/v1/users/registeration HTTP/1.1" 500 89 "-" "PostmanRuntime/7.30.0"

info: ::1 - - [26/Jan/2023:16:00:17 +0000] "POST /api/v1/users/registeration HTTP/1.1" 500 96 "-" "PostmanRuntime/7.30.0"

info: ::1 - - [26/Jan/2023:16:00:25 +0000] "POST /api/v1/users/registeration HTTP/1.1" 500 110 "-" "PostmanRuntime/7.30.0"

info: ::1 - - [26/Jan/2023:16:00:31 +0000] "POST /api/v1/users/registeration HTTP/1.1" 500 57 "-" "PostmanRuntime/7.30.0"

info: ::1 - - [26/Jan/2023:16:00:38 +0000] "POST /api/v1/users/registeration HTTP/1.1" 201 310 "-" "PostmanRuntime/7.30.0"

